#
# There is insufficient memory for the Java Runtime Environment to continue.
# Native memory allocation (mmap) failed to map 65536 bytes for Failed to commit metaspace.
# Possible reasons:
#   The system is out of physical RAM or swap space
#   The process is running with CompressedOops enabled, and the Java Heap may be blocking the growth of the native heap
# Possible solutions:
#   Reduce memory load on the system
#   Increase physical memory or swap space
#   Check if swap backing store is full
#   Decrease Java heap size (-Xmx/-Xms)
#   Decrease number of Java threads
#   Decrease Java thread stack sizes (-Xss)
#   Set larger code cache with -XX:ReservedCodeCacheSize=
#   JVM is running with Unscaled Compressed Oops mode in which the Java heap is
#     placed in the first 4GB address space. The Java Heap base address is the
#     maximum limit for the native heap growth. Please use -XX:HeapBaseMinAddress
#     to set the Java Heap base and to place the Java Heap above 4GB virtual address.
# This output file may be truncated or incomplete.
#
#  Out of Memory Error (virtualSpaceNode.cpp:110), pid=5260, tid=21360
#
# JRE version: Java(TM) SE Runtime Environment (18.0+36) (build 18+36-2087)
# Java VM: Java HotSpot(TM) 64-Bit Server VM (18+36-2087, mixed mode, sharing, tiered, compressed oops, compressed class ptrs, g1 gc, windows-amd64)
# No core dump will be written. Minidumps are not enabled by default on client versions of Windows
#

---------------  S U M M A R Y ------------

Command Line: -ea -Dfile.encoding=UTF-8 -XX:+ShowCodeDetailsInExceptionMessages org.testng.remote.RemoteTestNG -serport 52524 -protocol json -d C:\Users\SHABNA\eclipse-workspace\7rmartSupermarket\test-output C:\Users\SHABNA\AppData\Local\Temp\testng-eclipse-1698984490\testng-customsuite.xml

Host: AMD Ryzen 3 3250U with Radeon Graphics         , 4 cores, 3G,  Windows 10 , 64 bit Build 19041 (10.0.19041.1645)
Time: Sat Apr 30 08:59:02 2022 India Standard Time elapsed time: 3.533018 seconds (0d 0h 0m 3s)

---------------  T H R E A D  ---------------

Current thread (0x000002323cf54320):  JavaThread "main" [_thread_in_vm, id=21360, stack(0x0000005835300000,0x0000005835400000)]

Stack: [0x0000005835300000,0x0000005835400000]
Native frames: (J=compiled Java code, j=interpreted, Vv=VM code, C=native code)
V  [jvm.dll+0x69804a]
V  [jvm.dll+0x7f308d]
V  [jvm.dll+0x7f499e]
V  [jvm.dll+0x7f5053]
V  [jvm.dll+0x25ca3f]
V  [jvm.dll+0x7eed9b]
V  [jvm.dll+0x63e276]
V  [jvm.dll+0x63e2da]
V  [jvm.dll+0x640b5e]
V  [jvm.dll+0x640a1e]
V  [jvm.dll+0x63ec3e]
V  [jvm.dll+0x25108f]
V  [jvm.dll+0x649275]
V  [jvm.dll+0x202381]
V  [jvm.dll+0x2028b5]
V  [jvm.dll+0x2032ef]
V  [jvm.dll+0x1f8781]
V  [jvm.dll+0x55cea5]
V  [jvm.dll+0x209637]
V  [jvm.dll+0x76c73d]
V  [jvm.dll+0x76da76]
V  [jvm.dll+0x76dda8]
V  [jvm.dll+0x254d46]
V  [jvm.dll+0x3a0d7e]
C  0x000002324488b80d

Java frames: (J=compiled Java code, j=interpreted, Vv=VM code)
j  java.lang.invoke.DirectMethodHandle.make(BLjava/lang/Class;Ljava/lang/invoke/MemberName;Ljava/lang/Class;)Ljava/lang/invoke/DirectMethodHandle;+121 java.base@18
j  java.lang.invoke.MethodHandles$Lookup.getDirectMethodCommon(BLjava/lang/Class;Ljava/lang/invoke/MemberName;ZZLjava/lang/invoke/MethodHandles$Lookup;)Ljava/lang/invoke/MethodHandle;+210 java.base@18
j  java.lang.invoke.MethodHandles$Lookup.getDirectMethodNoSecurityManager(BLjava/lang/Class;Ljava/lang/invoke/MemberName;Ljava/lang/invoke/MethodHandles$Lookup;)Ljava/lang/invoke/MethodHandle;+14 java.base@18
j  java.lang.invoke.MethodHandles$Lookup.getDirectMethodForConstant(BLjava/lang/Class;Ljava/lang/invoke/MemberName;)Ljava/lang/invoke/MethodHandle;+31 java.base@18
j  java.lang.invoke.MethodHandles$Lookup.linkMethodHandleConstant(BLjava/lang/Class;Ljava/lang/String;Ljava/lang/Object;)Ljava/lang/invoke/MethodHandle;+153 java.base@18
j  java.lang.invoke.MethodHandleNatives.linkMethodHandleConstant(Ljava/lang/Class;ILjava/lang/Class;Ljava/lang/String;Ljava/lang/Object;)Ljava/lang/invoke/MethodHandle;+38 java.base@18
v  ~StubRoutines::call_stub
j  org.testng.xml.TestNGContentHandler.<init>(Ljava/lang/String;Z)V+83
j  org.testng.xml.SuiteXmlParser.parse(Ljava/lang/String;Ljava/io/InputStream;Z)Lorg/testng/xml/XmlSuite;+6
j  org.testng.xml.SuiteXmlParser.parse(Ljava/lang/String;Ljava/io/InputStream;Z)Ljava/lang/Object;+4
j  org.testng.xml.Parser.parse()Ljava/util/Collection;+234
j  org.testng.xml.Parser.parse(Ljava/lang/String;Lorg/testng/xml/IPostProcessor;)Ljava/util/Collection;+5
j  org.testng.TestNG.parseSuite(Ljava/lang/String;)V+44
j  org.testng.TestNG.initializeSuitesAndJarFile()V+61
j  org.testng.TestNG.initializeEverything()V+9
j  org.testng.remote.support.RemoteTestNG6_12.initialize()V+1
j  org.testng.remote.AbstractRemoteTestNG.run()V+27
j  org.testng.remote.RemoteTestNG.initAndRun(Lorg/testng/remote/IRemoteTestNG;[Ljava/lang/String;Lorg/testng/CommandLineArgs;Lorg/testng/remote/RemoteArgs;)V+184
j  org.testng.remote.RemoteTestNG.main([Ljava/lang/String;)V+201
v  ~StubRoutines::call_stub

---------------  P R O C E S S  ---------------

Threads class SMR info:
_java_thread_list=0x000002325c612400, length=13, elements={
0x000002323cf54320, 0x000002323cfe9900, 0x000002323cfeaf10, 0x000002323cffe210,
0x000002323cffebb0, 0x000002323cfff550, 0x000002323d001e20, 0x000002323d002a00,
0x0000023257d93420, 0x0000023257d948d0, 0x000002325c059430, 0x000002325c068190,
0x000002325c64ca30
}

Java Threads: ( => current thread )
=>0x000002323cf54320 JavaThread "main" [_thread_in_vm, id=21360, stack(0x0000005835300000,0x0000005835400000)]
  0x000002323cfe9900 JavaThread "Reference Handler" daemon [_thread_blocked, id=7748, stack(0x0000005835a00000,0x0000005835b00000)]
  0x000002323cfeaf10 JavaThread "Finalizer" daemon [_thread_blocked, id=19656, stack(0x0000005835b00000,0x0000005835c00000)]
  0x000002323cffe210 JavaThread "Signal Dispatcher" daemon [_thread_blocked, id=9824, stack(0x0000005835c00000,0x0000005835d00000)]
  0x000002323cffebb0 JavaThread "Attach Listener" daemon [_thread_blocked, id=19220, stack(0x0000005835d00000,0x0000005835e00000)]
  0x000002323cfff550 JavaThread "Service Thread" daemon [_thread_blocked, id=11900, stack(0x0000005835e00000,0x0000005835f00000)]
  0x000002323d001e20 JavaThread "Monitor Deflation Thread" daemon [_thread_blocked, id=18692, stack(0x0000005835f00000,0x0000005836000000)]
  0x000002323d002a00 JavaThread "C2 CompilerThread0" daemon [_thread_blocked, id=23380, stack(0x0000005836000000,0x0000005836100000)]
  0x0000023257d93420 JavaThread "C1 CompilerThread0" daemon [_thread_blocked, id=20924, stack(0x0000005836100000,0x0000005836200000)]
  0x0000023257d948d0 JavaThread "Sweeper thread" daemon [_thread_blocked, id=14344, stack(0x0000005836200000,0x0000005836300000)]
  0x000002325c059430 JavaThread "Notification Thread" daemon [_thread_blocked, id=12888, stack(0x0000005836300000,0x0000005836400000)]
  0x000002325c068190 JavaThread "Common-Cleaner" daemon [_thread_blocked, id=21112, stack(0x0000005836500000,0x0000005836600000)]
  0x000002325c64ca30 JavaThread "ReaderThread" [_thread_in_native, id=5640, stack(0x0000005836700000,0x0000005836800000)]

Other Threads:
  0x000002323cfe6090 VMThread "VM Thread" [stack: 0x0000005835900000,0x0000005835a00000] [id=19244]
  0x000002325c05fd20 WatcherThread "VM Periodic Task Thread" [stack: 0x0000005836400000,0x0000005836500000] [id=9592]
  0x000002323cf918c0 WorkerThread "GC Thread#0" [stack: 0x0000005835400000,0x0000005835500000] [id=22768]
  0x000002323cf99430 ConcurrentGCThread "G1 Main Marker" [stack: 0x0000005835500000,0x0000005835600000] [id=20384]
  0x000002323cf9c6b0 WorkerThread "G1 Conc#0" [stack: 0x0000005835600000,0x0000005835700000] [id=21924]
  0x000002323cfc4e40 ConcurrentGCThread "G1 Refine#0" [stack: 0x0000005835700000,0x0000005835800000] [id=3788]
  0x000002323cfc5fd0 ConcurrentGCThread "G1 Service" [stack: 0x0000005835800000,0x0000005835900000] [id=15900]

Threads with active compile tasks:

VM state: not at safepoint (normal execution)

VM Mutex/Monitor currently owned by a thread:  ([mutex/lock_event])
[0x000002323cf4e1a0] Metaspace_lock - owner thread: 0x000002323cf54320

Heap address: 0x00000000c9e00000, size: 866 MB, Compressed Oops mode: 32-bit

CDS archive(s) mapped at: [0x0000000800000000-0x0000000800ba0000-0x0000000800ba0000), size 12189696, SharedBaseAddress: 0x0000000800000000, ArchiveRelocationMode: 0.
Compressed class space mapped at: 0x0000000800c00000-0x0000000840c00000, reserved size: 1073741824
Narrow klass base: 0x0000000800000000, Narrow klass shift: 0, Narrow klass range: 0x100000000

GC Precious Log:
 CardTable entry size: 512
 Card Set container configuration: InlinePtr #cards 5 size 8 Array Of Cards #cards 12 size 40 Howl #buckets 4 coarsen threshold 1843 Howl Bitmap #cards 512 size 80 coarsen threshold 460 Card regions per heap region 1 cards per card region 2048
 CPUs: 4 total, 4 available
 Memory: 3463M
 Large Page Support: Disabled
 NUMA Support: Disabled
 Compressed Oops: Enabled (32-bit)
 Heap Region Size: 1M
 Heap Min Capacity: 8M
 Heap Initial Capacity: 56M
 Heap Max Capacity: 866M
 Pre-touch: Disabled
 Parallel Workers: 4
 Concurrent Workers: 1
 Concurrent Refinement Workers: 4
 Periodic GC: Disabled

Heap:
 garbage-first heap   total 57344K, used 9216K [0x00000000c9e00000, 0x0000000100000000)
  region size 1024K, 11 young (11264K), 0 survivors (0K)
 Metaspace       used 3543K, committed 3712K, reserved 1114112K
  class space    used 357K, committed 448K, reserved 1048576K

Heap Regions: E=young(eden), S=young(survivor), O=old, HS=humongous(starts), HC=humongous(continues), CS=collection set, F=free, OA=open archive, CA=closed archive, TAMS=top-at-mark-start (previous, next)
|   0|0x00000000c9e00000, 0x00000000c9e00000, 0x00000000c9f00000|  0%| F|  |TAMS 0x00000000c9e00000, 0x00000000c9e00000| Untracked 
|   1|0x00000000c9f00000, 0x00000000c9f00000, 0x00000000ca000000|  0%| F|  |TAMS 0x00000000c9f00000, 0x00000000c9f00000| Untracked 
|   2|0x00000000ca000000, 0x00000000ca000000, 0x00000000ca100000|  0%| F|  |TAMS 0x00000000ca000000, 0x00000000ca000000| Untracked 
|   3|0x00000000ca100000, 0x00000000ca100000, 0x00000000ca200000|  0%| F|  |TAMS 0x00000000ca100000, 0x00000000ca100000| Untracked 
|   4|0x00000000ca200000, 0x00000000ca200000, 0x00000000ca300000|  0%| F|  |TAMS 0x00000000ca200000, 0x00000000ca200000| Untracked 
|   5|0x00000000ca300000, 0x00000000ca300000, 0x00000000ca400000|  0%| F|  |TAMS 0x00000000ca300000, 0x00000000ca300000| Untracked 
|   6|0x00000000ca400000, 0x00000000ca400000, 0x00000000ca500000|  0%| F|  |TAMS 0x00000000ca400000, 0x00000000ca400000| Untracked 
|   7|0x00000000ca500000, 0x00000000ca500000, 0x00000000ca600000|  0%| F|  |TAMS 0x00000000ca500000, 0x00000000ca500000| Untracked 
|   8|0x00000000ca600000, 0x00000000ca600000, 0x00000000ca700000|  0%| F|  |TAMS 0x00000000ca600000, 0x00000000ca600000| Untracked 
|   9|0x00000000ca700000, 0x00000000ca700000, 0x00000000ca800000|  0%| F|  |TAMS 0x00000000ca700000, 0x00000000ca700000| Untracked 
|  10|0x00000000ca800000, 0x00000000ca800000, 0x00000000ca900000|  0%| F|  |TAMS 0x00000000ca800000, 0x00000000ca800000| Untracked 
|  11|0x00000000ca900000, 0x00000000ca900000, 0x00000000caa00000|  0%| F|  |TAMS 0x00000000ca900000, 0x00000000ca900000| Untracked 
|  12|0x00000000caa00000, 0x00000000caa00000, 0x00000000cab00000|  0%| F|  |TAMS 0x00000000caa00000, 0x00000000caa00000| Untracked 
|  13|0x00000000cab00000, 0x00000000cab00000, 0x00000000cac00000|  0%| F|  |TAMS 0x00000000cab00000, 0x00000000cab00000| Untracked 
|  14|0x00000000cac00000, 0x00000000cac00000, 0x00000000cad00000|  0%| F|  |TAMS 0x00000000cac00000, 0x00000000cac00000| Untracked 
|  15|0x00000000cad00000, 0x00000000cad00000, 0x00000000cae00000|  0%| F|  |TAMS 0x00000000cad00000, 0x00000000cad00000| Untracked 
|  16|0x00000000cae00000, 0x00000000cae00000, 0x00000000caf00000|  0%| F|  |TAMS 0x00000000cae00000, 0x00000000cae00000| Untracked 
|  17|0x00000000caf00000, 0x00000000caf00000, 0x00000000cb000000|  0%| F|  |TAMS 0x00000000caf00000, 0x00000000caf00000| Untracked 
|  18|0x00000000cb000000, 0x00000000cb000000, 0x00000000cb100000|  0%| F|  |TAMS 0x00000000cb000000, 0x00000000cb000000| Untracked 
|  19|0x00000000cb100000, 0x00000000cb100000, 0x00000000cb200000|  0%| F|  |TAMS 0x00000000cb100000, 0x00000000cb100000| Untracked 
|  20|0x00000000cb200000, 0x00000000cb200000, 0x00000000cb300000|  0%| F|  |TAMS 0x00000000cb200000, 0x00000000cb200000| Untracked 
|  21|0x00000000cb300000, 0x00000000cb300000, 0x00000000cb400000|  0%| F|  |TAMS 0x00000000cb300000, 0x00000000cb300000| Untracked 
|  22|0x00000000cb400000, 0x00000000cb400000, 0x00000000cb500000|  0%| F|  |TAMS 0x00000000cb400000, 0x00000000cb400000| Untracked 
|  23|0x00000000cb500000, 0x00000000cb500000, 0x00000000cb600000|  0%| F|  |TAMS 0x00000000cb500000, 0x00000000cb500000| Untracked 
|  24|0x00000000cb600000, 0x00000000cb600000, 0x00000000cb700000|  0%| F|  |TAMS 0x00000000cb600000, 0x00000000cb600000| Untracked 
|  25|0x00000000cb700000, 0x00000000cb700000, 0x00000000cb800000|  0%| F|  |TAMS 0x00000000cb700000, 0x00000000cb700000| Untracked 
|  26|0x00000000cb800000, 0x00000000cb800000, 0x00000000cb900000|  0%| F|  |TAMS 0x00000000cb800000, 0x00000000cb800000| Untracked 
|  27|0x00000000cb900000, 0x00000000cb900000, 0x00000000cba00000|  0%| F|  |TAMS 0x00000000cb900000, 0x00000000cb900000| Untracked 
|  28|0x00000000cba00000, 0x00000000cba00000, 0x00000000cbb00000|  0%| F|  |TAMS 0x00000000cba00000, 0x00000000cba00000| Untracked 
|  29|0x00000000cbb00000, 0x00000000cbb00000, 0x00000000cbc00000|  0%| F|  |TAMS 0x00000000cbb00000, 0x00000000cbb00000| Untracked 
|  30|0x00000000cbc00000, 0x00000000cbc00000, 0x00000000cbd00000|  0%| F|  |TAMS 0x00000000cbc00000, 0x00000000cbc00000| Untracked 
|  31|0x00000000cbd00000, 0x00000000cbd00000, 0x00000000cbe00000|  0%| F|  |TAMS 0x00000000cbd00000, 0x00000000cbd00000| Untracked 
|  32|0x00000000cbe00000, 0x00000000cbe00000, 0x00000000cbf00000|  0%| F|  |TAMS 0x00000000cbe00000, 0x00000000cbe00000| Untracked 
|  33|0x00000000cbf00000, 0x00000000cbf00000, 0x00000000cc000000|  0%| F|  |TAMS 0x00000000cbf00000, 0x00000000cbf00000| Untracked 
|  34|0x00000000cc000000, 0x00000000cc000000, 0x00000000cc100000|  0%| F|  |TAMS 0x00000000cc000000, 0x00000000cc000000| Untracked 
|  35|0x00000000cc100000, 0x00000000cc100000, 0x00000000cc200000|  0%| F|  |TAMS 0x00000000cc100000, 0x00000000cc100000| Untracked 
|  36|0x00000000cc200000, 0x00000000cc200000, 0x00000000cc300000|  0%| F|  |TAMS 0x00000000cc200000, 0x00000000cc200000| Untracked 
|  37|0x00000000cc300000, 0x00000000cc300000, 0x00000000cc400000|  0%| F|  |TAMS 0x00000000cc300000, 0x00000000cc300000| Untracked 
|  38|0x00000000cc400000, 0x00000000cc400000, 0x00000000cc500000|  0%| F|  |TAMS 0x00000000cc400000, 0x00000000cc400000| Untracked 
|  39|0x00000000cc500000, 0x00000000cc500000, 0x00000000cc600000|  0%| F|  |TAMS 0x00000000cc500000, 0x00000000cc500000| Untracked 
|  40|0x00000000cc600000, 0x00000000cc600000, 0x00000000cc700000|  0%| F|  |TAMS 0x00000000cc600000, 0x00000000cc600000| Untracked 
|  41|0x00000000cc700000, 0x00000000cc700000, 0x00000000cc800000|  0%| F|  |TAMS 0x00000000cc700000, 0x00000000cc700000| Untracked 
|  42|0x00000000cc800000, 0x00000000cc800000, 0x00000000cc900000|  0%| F|  |TAMS 0x00000000cc800000, 0x00000000cc800000| Untracked 
|  43|0x00000000cc900000, 0x00000000cc900000, 0x00000000cca00000|  0%| F|  |TAMS 0x00000000cc900000, 0x00000000cc900000| Untracked 
|  44|0x00000000cca00000, 0x00000000cca00000, 0x00000000ccb00000|  0%| F|  |TAMS 0x00000000cca00000, 0x00000000cca00000| Untracked 
|  45|0x00000000ccb00000, 0x00000000ccb85ab0, 0x00000000ccc00000| 52%| E|  |TAMS 0x00000000ccb00000, 0x00000000ccb00000| Complete 
|  46|0x00000000ccc00000, 0x00000000ccd00000, 0x00000000ccd00000|100%| E|CS|TAMS 0x00000000ccc00000, 0x00000000ccc00000| Complete 
|  47|0x00000000ccd00000, 0x00000000cce00000, 0x00000000cce00000|100%| E|CS|TAMS 0x00000000ccd00000, 0x00000000ccd00000| Complete 
|  48|0x00000000cce00000, 0x00000000ccf00000, 0x00000000ccf00000|100%| E|CS|TAMS 0x00000000cce00000, 0x00000000cce00000| Complete 
|  49|0x00000000ccf00000, 0x00000000cd000000, 0x00000000cd000000|100%| E|CS|TAMS 0x00000000ccf00000, 0x00000000ccf00000| Complete 
|  50|0x00000000cd000000, 0x00000000cd100000, 0x00000000cd100000|100%| E|  |TAMS 0x00000000cd000000, 0x00000000cd000000| Complete 
|  51|0x00000000cd100000, 0x00000000cd200000, 0x00000000cd200000|100%| E|CS|TAMS 0x00000000cd100000, 0x00000000cd100000| Complete 
|  52|0x00000000cd200000, 0x00000000cd300000, 0x00000000cd300000|100%| E|CS|TAMS 0x00000000cd200000, 0x00000000cd200000| Complete 
|  53|0x00000000cd300000, 0x00000000cd400000, 0x00000000cd400000|100%| E|CS|TAMS 0x00000000cd300000, 0x00000000cd300000| Complete 
|  54|0x00000000cd400000, 0x00000000cd500000, 0x00000000cd500000|100%| E|CS|TAMS 0x00000000cd400000, 0x00000000cd400000| Complete 
|  55|0x00000000cd500000, 0x00000000cd600000, 0x00000000cd600000|100%| E|CS|TAMS 0x00000000cd500000, 0x00000000cd500000| Complete 

Card table byte_map: [0x0000023253a30000,0x0000023253bf0000] _byte_map_base: 0x00000232533e1000

Marking Bits (Prev, Next): (CMBitMap*) 0x000002323cf91ec0, (CMBitMap*) 0x000002323cf91f00
 Prev Bits: [0x0000023253db0000, 0x0000023254b38000)
 Next Bits: [0x0000023254b40000, 0x00000232558c8000)

Polling page: 0x000002323c710000

Metaspace:

Usage:
  Non-class:      3.11 MB used.
      Class:    357.10 KB used.
       Both:      3.46 MB used.

Virtual space:
  Non-class space:       64.00 MB reserved,       3.19 MB (  5%) committed,  1 nodes.
      Class space:        1.00 GB reserved,     448.00 KB ( <1%) committed,  1 nodes.
             Both:        1.06 GB reserved,       3.62 MB ( <1%) committed. 

Chunk freelists:
   Non-Class:  3.30 MB
       Class:  3.62 MB
        Both:  6.92 MB

MaxMetaspaceSize: unlimited
CompressedClassSpaceSize: 1.00 GB
Initial GC threshold: 21.00 MB
Current GC threshold: 21.00 MB
CDS: on
MetaspaceReclaimPolicy: balanced
 - commit_granule_bytes: 65536.
 - commit_granule_words: 8192.
 - virtual_space_node_default_size: 8388608.
 - enlarge_chunks_in_place: 1.
 - new_chunks_are_fully_committed: 0.
 - uncommit_free_chunks: 1.
 - use_allocation_guard: 0.


Internal statistics:

num_allocs_failed_limit: 0.
num_arena_births: 68.
num_arena_deaths: 0.
num_vsnodes_births: 2.
num_vsnodes_deaths: 0.
num_space_committed: 58.
num_space_uncommitted: 0.
num_chunks_returned_to_freelist: 0.
num_chunks_taken_from_freelist: 112.
num_chunk_merges: 0.
num_chunk_splits: 72.
num_chunks_enlarged: 51.
num_inconsistent_stats: 0.

CodeHeap 'non-profiled nmethods': size=120000Kb used=218Kb max_used=218Kb free=119781Kb
 bounds [0x000002324c340000, 0x000002324c5b0000, 0x0000023253870000]
CodeHeap 'profiled nmethods': size=120000Kb used=1248Kb max_used=1248Kb free=118751Kb
 bounds [0x0000023244e10000, 0x0000023245080000, 0x000002324c340000]
CodeHeap 'non-nmethods': size=5760Kb used=1152Kb max_used=1165Kb free=4607Kb
 bounds [0x0000023244870000, 0x0000023244ae0000, 0x0000023244e10000]
 total_blobs=1190 nmethods=760 adapters=343
 compilation: enabled
              stopped_count=0, restarted_count=0
 full_count=0

Compilation events (20 events):
Event: 3.461 Thread 0x0000023257d93420  751       3       java.util.Properties::getProperty (50 bytes)
Event: 3.461 Thread 0x0000023257d93420 nmethod 751 0x0000023244f43d90 code [0x0000023244f43f60, 0x0000023244f443f8]
Event: 3.462 Thread 0x0000023257d93420  752       1       com.sun.org.apache.xerces.internal.utils.XMLSecurityManager$Limit::systemProperty (5 bytes)
Event: 3.462 Thread 0x0000023257d93420 nmethod 752 0x000002324c376310 code [0x000002324c3764a0, 0x000002324c376578]
Event: 3.462 Thread 0x0000023257d93420  753       3       java.util.ArrayList::indexOfRange (71 bytes)
Event: 3.463 Thread 0x0000023257d93420 nmethod 753 0x0000023244f44590 code [0x0000023244f44760, 0x0000023244f44c28]
Event: 3.464 Thread 0x0000023257d93420  754       3       jdk.internal.module.SystemModuleFinders$SystemModuleReader::find (59 bytes)
Event: 3.465 Thread 0x0000023257d93420 nmethod 754 0x0000023244f44e10 code [0x0000023244f450c0, 0x0000023244f45be8]
Event: 3.465 Thread 0x0000023257d93420  755       3       jdk.internal.module.SystemModuleFinders$SystemModuleReader::containsImageLocation (42 bytes)
Event: 3.466 Thread 0x0000023257d93420 nmethod 755 0x0000023244f46010 code [0x0000023244f46220, 0x0000023244f468d8]
Event: 3.466 Thread 0x0000023257d93420  756       3       jdk.internal.jimage.ImageReader::verifyLocation (14 bytes)
Event: 3.466 Thread 0x0000023257d93420 nmethod 756 0x0000023244f46b90 code [0x0000023244f46d60, 0x0000023244f470b8]
Event: 3.467 Thread 0x000002323d002a00  757       4       java.util.HashMap::hash (20 bytes)
Event: 3.469 Thread 0x000002323d002a00 nmethod 757 0x000002324c376610 code [0x000002324c376780, 0x000002324c376858]
Event: 3.473 Thread 0x0000023257d93420  758       3       java.nio.DirectLongBufferU::ix (10 bytes)
Event: 3.473 Thread 0x0000023257d93420 nmethod 758 0x0000023244f47210 code [0x0000023244f473a0, 0x0000023244f474b8]
Event: 3.473 Thread 0x0000023257d93420  759       3       java.util.ArrayDeque::pollFirst (36 bytes)
Event: 3.474 Thread 0x0000023257d93420 nmethod 759 0x0000023244f47590 code [0x0000023244f47740, 0x0000023244f47b58]
Event: 3.474 Thread 0x0000023257d93420  760       3       java.util.AbstractList::<init> (10 bytes)
Event: 3.475 Thread 0x0000023257d93420 nmethod 760 0x0000023244f47d10 code [0x0000023244f47ec0, 0x0000023244f48098]

GC Heap History (0 events):
No events

Deoptimization events (18 events):
Event: 1.622 Thread 0x000002323cf54320 Uncommon trap: trap_request=0xffffff45 fr.pc=0x000002324c34132c relative=0x00000000000000ac
Event: 1.622 Thread 0x000002323cf54320 Uncommon trap: reason=unstable_if action=reinterpret pc=0x000002324c34132c method=java.lang.String.isLatin1()Z @ 10 c2
Event: 1.622 Thread 0x000002323cf54320 DEOPT PACKING pc=0x000002324c34132c sp=0x00000058353ff220
Event: 1.622 Thread 0x000002323cf54320 DEOPT UNPACKING pc=0x00000232448c23a3 sp=0x00000058353ff160 mode 2
Event: 1.891 Thread 0x000002323cf54320 DEOPT PACKING pc=0x0000023244e19ce7 sp=0x00000058353fc110
Event: 1.891 Thread 0x000002323cf54320 DEOPT UNPACKING pc=0x00000232448c2b43 sp=0x00000058353fb530 mode 0
Event: 1.985 Thread 0x000002323cf54320 DEOPT PACKING pc=0x0000023244e17dd1 sp=0x00000058353fe470
Event: 1.985 Thread 0x000002323cf54320 DEOPT UNPACKING pc=0x00000232448c2b43 sp=0x00000058353fd8e8 mode 0
Event: 2.262 Thread 0x000002323cf54320 Uncommon trap: trap_request=0xffffff45 fr.pc=0x000002324c35f194 relative=0x0000000000000174
Event: 2.262 Thread 0x000002323cf54320 Uncommon trap: reason=unstable_if action=reinterpret pc=0x000002324c35f194 method=java.util.zip.ZipFile$Source.isMetaName([BII)Z @ 43 c2
Event: 2.262 Thread 0x000002323cf54320 DEOPT PACKING pc=0x000002324c35f194 sp=0x00000058353fe7b0
Event: 2.262 Thread 0x000002323cf54320 DEOPT UNPACKING pc=0x00000232448c23a3 sp=0x00000058353fe758 mode 2
Event: 2.586 Thread 0x000002323cf54320 Uncommon trap: trap_request=0xffffff45 fr.pc=0x000002324c3611e4 relative=0x0000000000000064
Event: 2.586 Thread 0x000002323cf54320 Uncommon trap: reason=unstable_if action=reinterpret pc=0x000002324c3611e4 method=java.io.WinNTFileSystem.isSlash(C)Z @ 9 c2
Event: 2.586 Thread 0x000002323cf54320 DEOPT PACKING pc=0x000002324c3611e4 sp=0x00000058353fee30
Event: 2.586 Thread 0x000002323cf54320 DEOPT UNPACKING pc=0x00000232448c23a3 sp=0x00000058353fedb8 mode 2
Event: 2.751 Thread 0x000002323cf54320 DEOPT PACKING pc=0x0000023244e36ee5 sp=0x00000058353fe2a0
Event: 2.751 Thread 0x000002323cf54320 DEOPT UNPACKING pc=0x00000232448c2b43 sp=0x00000058353fd6f0 mode 0

Classes loaded (20 events):
Event: 3.457 Loading class com/sun/org/apache/xerces/internal/impl/msg/SAXMessages_en_AE done
Event: 3.457 Loading class com/sun/org/apache/xerces/internal/impl/msg/SAXMessages_en_AE
Event: 3.457 Loading class com/sun/org/apache/xerces/internal/impl/msg/SAXMessages_en_AE done
Event: 3.457 Loading class java/text/MessageFormat
Event: 3.459 Loading class java/text/MessageFormat done
Event: 3.460 Loading class java/text/MessageFormat$Field
Event: 3.460 Loading class java/text/MessageFormat$Field done
Event: 3.471 Loading class java/io/FileNotFoundException
Event: 3.471 Loading class java/io/FileNotFoundException done
Event: 3.475 Loading class java/net/URISyntaxException
Event: 3.476 Loading class java/net/URISyntaxException done
Event: 3.523 Loading class org/xml/sax/SAXParseException
Event: 3.523 Loading class org/xml/sax/SAXParseException done
Event: 3.524 Loading class java/lang/UnsupportedOperationException
Event: 3.524 Loading class java/lang/UnsupportedOperationException done
Event: 3.524 Loading class org/xml/sax/InputSource
Event: 3.524 Loading class org/xml/sax/InputSource done
Event: 3.525 Loading class sun/invoke/util/VerifyAccess$1
Event: 3.525 Loading class sun/invoke/util/VerifyAccess$1 done
Event: 3.526 Loading class java/lang/invoke/DirectMethodHandle$Special

Classes unloaded (0 events):
No events

Classes redefined (0 events):
No events

Internal exceptions (7 events):
Event: 2.033 Thread 0x000002323cf54320 Exception <a 'java/lang/NoSuchMethodError'{0x00000000cd3b8f38}: 'int java.lang.invoke.DirectMethodHandle$Holder.invokeSpecial(java.lang.Object, java.lang.Object, java.lang.Object)'> (0x00000000cd3b8f38) 
thrown [t:\workspace\open\src\hotspot\share\interpreter\linkResolver.cpp, line 766]
Event: 2.035 Thread 0x000002323cf54320 Exception <a 'java/lang/NoSuchMethodError'{0x00000000cd3c3ea0}: 'void java.lang.invoke.DelegatingMethodHandle$Holder.reinvoke_L(java.lang.Object, java.lang.Object, int)'> (0x00000000cd3c3ea0) 
thrown [t:\workspace\open\src\hotspot\share\interpreter\linkResolver.cpp, line 766]
Event: 2.037 Thread 0x000002323cf54320 Exception <a 'java/lang/NoSuchMethodError'{0x00000000cd3cafe0}: 'int java.lang.invoke.Invokers$Holder.invokeExact_MT(java.lang.Object, java.lang.Object, java.lang.Object)'> (0x00000000cd3cafe0) 
thrown [t:\workspace\open\src\hotspot\share\interpreter\linkResolver.cpp, line 766]
Event: 2.059 Thread 0x000002323cf54320 Exception <a 'java/lang/NoSuchMethodError'{0x00000000cd3dd038}: 'void java.lang.invoke.Invokers$Holder.invokeExact_MT(java.lang.Object, java.lang.Object, java.lang.Object, java.lang.Object)'> (0x00000000cd3dd038) 
thrown [t:\workspace\open\src\hotspot\share\interpreter\linkResolver.cpp, line 766]
Event: 2.723 Thread 0x000002323cf54320 Exception <a 'java/lang/NoSuchMethodError'{0x00000000ccda2628}: 'int java.lang.invoke.DirectMethodHandle$Holder.invokeStaticInit(java.lang.Object, java.lang.Object)'> (0x00000000ccda2628) 
thrown [t:\workspace\open\src\hotspot\share\interpreter\linkResolver.cpp, line 766]
Event: 3.070 Thread 0x000002323cf54320 Exception <a 'java/lang/NoSuchMethodError'{0x00000000ccc2b3d0}: 'void java.lang.invoke.DirectMethodHandle$Holder.invokeStatic(java.lang.Object, java.lang.Object)'> (0x00000000ccc2b3d0) 
thrown [t:\workspace\open\src\hotspot\share\interpreter\linkResolver.cpp, line 766]
Event: 3.422 Thread 0x000002323cf54320 Exception <a 'java/lang/ClassNotFoundException'{0x00000000ccb243f8}: com/sun/org/apache/xerces/internal/impl/msg/spi/SAXMessagesProvider> (0x00000000ccb243f8) 
thrown [t:\workspace\open\src\hotspot\share\classfile\systemDictionary.cpp, line 255]

VM Operations (12 events):
Event: 1.187 Executing VM operation: Cleanup
Event: 1.187 Executing VM operation: Cleanup done
Event: 1.693 Executing VM operation: HandshakeAllThreads
Event: 1.693 Executing VM operation: HandshakeAllThreads done
Event: 2.585 Executing VM operation: HandshakeAllThreads
Event: 2.585 Executing VM operation: HandshakeAllThreads done
Event: 2.585 Executing VM operation: Cleanup
Event: 2.586 Executing VM operation: Cleanup done
Event: 2.947 Executing VM operation: HandshakeAllThreads
Event: 2.947 Executing VM operation: HandshakeAllThreads done
Event: 2.961 Executing VM operation: HandshakeAllThreads
Event: 2.961 Executing VM operation: HandshakeAllThreads done

Events (19 events):
Event: 0.043 Loaded shared library C:\Program Files\Java\jdk-18\bin\java.dll
Event: 0.135 Loaded shared library C:\Program Files\Java\jdk-18\bin\jsvml.dll
Event: 0.136 Thread 0x000002323cf54320 Thread added: 0x000002323cf54320
Event: 0.185 Thread 0x000002323cfe9900 Thread added: 0x000002323cfe9900
Event: 0.185 Thread 0x000002323cfeaf10 Thread added: 0x000002323cfeaf10
Event: 0.214 Thread 0x000002323cffe210 Thread added: 0x000002323cffe210
Event: 0.214 Thread 0x000002323cffebb0 Thread added: 0x000002323cffebb0
Event: 0.215 Thread 0x000002323cfff550 Thread added: 0x000002323cfff550
Event: 0.215 Thread 0x000002323d001e20 Thread added: 0x000002323d001e20
Event: 0.215 Thread 0x000002323d002a00 Thread added: 0x000002323d002a00
Event: 0.263 Thread 0x0000023257d93420 Thread added: 0x0000023257d93420
Event: 0.271 Thread 0x0000023257d948d0 Thread added: 0x0000023257d948d0
Event: 1.618 Thread 0x000002325c059430 Thread added: 0x000002325c059430
Event: 1.626 Thread 0x000002325c068190 Thread added: 0x000002325c068190
Event: 1.634 Loaded shared library C:\Program Files\Java\jdk-18\bin\net.dll
Event: 1.674 Loaded shared library C:\Program Files\Java\jdk-18\bin\nio.dll
Event: 1.691 Loaded shared library C:\Program Files\Java\jdk-18\bin\zip.dll
Event: 2.088 Loaded shared library C:\Program Files\Java\jdk-18\bin\jimage.dll
Event: 3.082 Thread 0x000002325c64ca30 Thread added: 0x000002325c64ca30


Dynamic libraries:
0x00007ff6ac6a0000 - 0x00007ff6ac6b0000 	C:\Program Files\Java\jdk-18\bin\javaw.exe
0x00007ff8ae210000 - 0x00007ff8ae405000 	C:\windows\SYSTEM32\ntdll.dll
0x00007ff89e800000 - 0x00007ff89e816000 	C:\Program Files\Avast Software\Avast\aswhook.dll
0x00007ff8ad620000 - 0x00007ff8ad6de000 	C:\windows\System32\KERNEL32.DLL
0x00007ff8abfa0000 - 0x00007ff8ac268000 	C:\windows\System32\KERNELBASE.dll
0x00007ff8abbf0000 - 0x00007ff8abcf0000 	C:\windows\System32\ucrtbase.dll
0x00007ff8a6c50000 - 0x00007ff8a6c6a000 	C:\Program Files\Java\jdk-18\bin\VCRUNTIME140.dll
0x00007ff8a6cd0000 - 0x00007ff8a6ce8000 	C:\Program Files\Java\jdk-18\bin\jli.dll
0x00007ff8ac950000 - 0x00007ff8ac9fe000 	C:\windows\System32\ADVAPI32.dll
0x00007ff8acef0000 - 0x00007ff8acf8e000 	C:\windows\System32\msvcrt.dll
0x00007ff8ac790000 - 0x00007ff8ac82c000 	C:\windows\System32\sechost.dll
0x00007ff8acc10000 - 0x00007ff8acd35000 	C:\windows\System32\RPCRT4.dll
0x00007ff8ad080000 - 0x00007ff8ad220000 	C:\windows\System32\USER32.dll
0x00007ff8abf20000 - 0x00007ff8abf42000 	C:\windows\System32\win32u.dll
0x00007ff8ad540000 - 0x00007ff8ad56a000 	C:\windows\System32\GDI32.dll
0x00007ff8aba30000 - 0x00007ff8abb3b000 	C:\windows\System32\gdi32full.dll
0x00007ff8abe50000 - 0x00007ff8abeed000 	C:\windows\System32\msvcp_win.dll
0x00007ff88b750000 - 0x00007ff88b9ea000 	C:\windows\WinSxS\amd64_microsoft.windows.common-controls_6595b64144ccf1df_6.0.19041.1110_none_60b5254171f9507e\COMCTL32.dll
0x00007ff8a5710000 - 0x00007ff8a571a000 	C:\windows\SYSTEM32\VERSION.dll
0x00007ff8ada40000 - 0x00007ff8ada70000 	C:\windows\System32\IMM32.DLL
0x00007ff8a7ae0000 - 0x00007ff8a7aec000 	C:\Program Files\Java\jdk-18\bin\vcruntime140_1.dll
0x00007ff8875e0000 - 0x00007ff88766d000 	C:\Program Files\Java\jdk-18\bin\msvcp140.dll
0x00007ff869d60000 - 0x00007ff86a971000 	C:\Program Files\Java\jdk-18\bin\server\jvm.dll
0x00007ff8ada70000 - 0x00007ff8ada78000 	C:\windows\System32\PSAPI.DLL
0x00007ff893320000 - 0x00007ff893329000 	C:\windows\SYSTEM32\WSOCK32.dll
0x00007ff8acf90000 - 0x00007ff8acffb000 	C:\windows\System32\WS2_32.dll
0x00007ff898cc0000 - 0x00007ff898ce7000 	C:\windows\SYSTEM32\WINMM.dll
0x00007ff8a9740000 - 0x00007ff8a9752000 	C:\windows\SYSTEM32\kernel.appcore.dll
0x00007ff8a73f0000 - 0x00007ff8a73fa000 	C:\Program Files\Java\jdk-18\bin\jimage.dll
0x00007ff89d950000 - 0x00007ff89db34000 	C:\windows\SYSTEM32\DBGHELP.DLL
0x00007ff89cf90000 - 0x00007ff89cfbc000 	C:\windows\SYSTEM32\dbgcore.DLL
0x00007ff8ab9a0000 - 0x00007ff8aba22000 	C:\windows\System32\bcryptPrimitives.dll
0x00007ff89ac70000 - 0x00007ff89ac95000 	C:\Program Files\Java\jdk-18\bin\java.dll
0x00007ff87d500000 - 0x00007ff87d5d6000 	C:\Program Files\Java\jdk-18\bin\jsvml.dll
0x00007ff8ada80000 - 0x00007ff8ae1c4000 	C:\windows\System32\SHELL32.dll
0x00007ff8a9a50000 - 0x00007ff8aa1e4000 	C:\windows\SYSTEM32\windows.storage.dll
0x00007ff8ad6e0000 - 0x00007ff8ada34000 	C:\windows\System32\combase.dll
0x00007ff8ab2d0000 - 0x00007ff8ab2fc000 	C:\windows\SYSTEM32\Wldp.dll
0x00007ff8ac6e0000 - 0x00007ff8ac78d000 	C:\windows\System32\SHCORE.dll
0x00007ff8acd40000 - 0x00007ff8acd95000 	C:\windows\System32\shlwapi.dll
0x00007ff8ab870000 - 0x00007ff8ab88f000 	C:\windows\SYSTEM32\profapi.dll
0x00007ff8a6b40000 - 0x00007ff8a6b53000 	C:\Program Files\Java\jdk-18\bin\net.dll
0x00007ff894190000 - 0x00007ff89429a000 	C:\windows\SYSTEM32\WINHTTP.dll
0x00007ff8ab030000 - 0x00007ff8ab09a000 	C:\windows\system32\mswsock.dll
0x00007ff8a64c0000 - 0x00007ff8a64d6000 	C:\Program Files\Java\jdk-18\bin\nio.dll
0x00007ff8999f0000 - 0x00007ff899a08000 	C:\Program Files\Java\jdk-18\bin\zip.dll
0x00007ff8aad60000 - 0x00007ff8aae2b000 	C:\windows\SYSTEM32\DNSAPI.dll
0x00007ff8aad20000 - 0x00007ff8aad5b000 	C:\windows\SYSTEM32\IPHLPAPI.DLL
0x00007ff8ad360000 - 0x00007ff8ad368000 	C:\windows\System32\NSI.dll
0x00007ff894040000 - 0x00007ff89404a000 	C:\Windows\System32\rasadhlp.dll
0x00007ff8943a0000 - 0x00007ff89441f000 	C:\windows\System32\fwpuclnt.dll
0x00007ff8abef0000 - 0x00007ff8abf17000 	C:\windows\System32\bcrypt.dll

dbghelp: loaded successfully - version: 4.0.5 - missing functions: none
symbol engine: initialized successfully - sym options: 0x614 - pdb path: .;C:\Program Files\Java\jdk-18\bin;C:\windows\SYSTEM32;C:\Program Files\Avast Software\Avast;C:\windows\WinSxS\amd64_microsoft.windows.common-controls_6595b64144ccf1df_6.0.19041.1110_none_60b5254171f9507e;C:\Program Files\Java\jdk-18\bin\server

VM Arguments:
jvm_args: -ea -Dfile.encoding=UTF-8 -XX:+ShowCodeDetailsInExceptionMessages 
java_command: org.testng.remote.RemoteTestNG -serport 52524 -protocol json -d C:\Users\SHABNA\eclipse-workspace\7rmartSupermarket\test-output C:\Users\SHABNA\AppData\Local\Temp\testng-eclipse-1698984490\testng-customsuite.xml
java_class_path (initial): C:\Users\SHABNA\eclipse\java-2021-123\eclipse\configuration\org.eclipse.osgi\430\0\.cp\lib\testng-remote.jar;C:\Users\SHABNA\eclipse-workspace\7rmartSupermarket\target\test-classes;C:\Users\SHABNA\eclipse-workspace\7rmartSupermarket\target\classes;C:\Users\SHABNA\.p2\pool\plugins\org.testng_7.4.0.r202105021533.jar;C:\Users\SHABNA\.p2\pool\plugins\com.beust.jcommander_1.78.0.jar;C:\Users\SHABNA\.p2\pool\plugins\org.apache-extras.beanshell.bsh_2.0.0.b6.jar;C:\Users\SHABNA\.p2\pool\plugins\org.yaml.snakeyaml_1.21.0.jar;C:\Users\SHABNA\.p2\pool\plugins\org.webjars.jquery_3.5.1.jar;C:\Users\SHABNA\.m2\repository\junit\junit\3.8.1\junit-3.8.1.jar;C:\Users\SHABNA\.m2\repository\org\seleniumhq\selenium\selenium-java\4.1.2\selenium-java-4.1.2.jar;C:\Users\SHABNA\.m2\repository\org\seleniumhq\selenium\selenium-api\4.1.2\selenium-api-4.1.2.jar;C:\Users\SHABNA\.m2\repository\org\seleniumhq\selenium\selenium-chrome-driver\4.1.2\selenium-chrome-driver-4.1.2.jar;C:\Users\SHABNA\.m2\repository\com\google\auto\service\auto-service-annotations\1.0.1\auto-service-annotations-1.0.1.jar;C:\Users\SHABNA\.m2\repository\com\google\auto\service\auto-service\1.0.1\auto-service-1.0.1.jar;C:\Users\SHABNA\.m2\repository\com\google\auto\auto-common\1.2\auto-common-1.2.jar;C:\Users\SHABNA\.m2\repository\com\google\guava\guava\31.0.1-jre\guava-31.0.1-jre.jar;C:\Users\SHABNA\.m2\repository\com\google\guava\failureaccess\1.0.1\failureaccess-1.0.1.jar;C:\Users\SHABNA\.m2\repository\com\google\guava\listenablefuture\9999.0-empty-to-avoid-conflict-with-guava\listenablefuture-9999.0-empty-to-avoid-conflict-with-guava.jar;C:\Users\SHABNA\.m2\repository\org\checkerframework\checker-qual\3.12.0\checker-qual-3.12.0.jar;C:\Users\SHABNA\.m2\repository\com\google\errorprone\error_prone_annotations\2.7.1\error_prone_annotations-2.7.1.jar;C:\Users\SHABNA\.m2\repository\com\google\j2objc\j2objc-annotations\1.3\j2objc-annotations-1.3.jar;C:\Users\SHABNA\.m2\repository\org\seleniumhq\selenium\selenium-chromium-driver\4.1.2\selenium-chromium-driver-4.1.2.jar;C:\Users\SHABNA\.m2\repository\org\seleniumhq\selenium\selenium-json\4.1.2\selenium-json-4.1.2.jar;C:\Users\SHABNA\.m2\repository\org\seleniumhq\selenium\selenium-devtools-v85\4.1.2\selenium-devtools-v85-4.1.2.jar;C:\Users\SHABNA\.m2\repository\org\seleniumhq\selenium\selenium-devtools-v95\4.1.2\selenium-devtools-v95-4.1.2.jar;C:\Users\SHABNA\.m2\repository\org\seleniumhq\selenium\selenium-devtools-v96\4.1.2\selenium-devtools-v96-4.1.2.jar;C:\Users\SHABNA\.m2\repository\org\seleniumhq\selenium\selenium-devtools-v97\4.1.2\selenium-devtools-v97-4.1.2.jar;C:\Users\SHABNA\.m2\repository\org\seleniumhq\selenium\selenium-edge-driver\4.1.2\selenium-edge-driver-4.1.2.jar;C:\Users\SHABNA\.m2\repository\org\seleniumhq\selenium\selenium-firefox-driver\4.1.2\selenium-firefox-driver-4.1.2.jar;C:\Users\SHABNA\.m2\repository\org\seleniumhq\selenium\selenium-firefox-xpi-driver\4.1.2\selenium-firefox-xpi-driver-4.1.2.jar;C:\Users\SHABNA\.m2\repository\org\seleniumhq\selenium\selenium-ie-driver\4.1.2\selenium-ie-driver-4.1.2.jar;C:\Users\SHABNA\.m2\repository\org\seleniumhq\selenium\selenium-opera-driver\4.1.2\selenium-opera-driver-4.1.2.jar;C:\Users\SHABNA\.m2\repository\org\seleniumhq\selenium\selenium-remote-driver\4.1.2\selenium-remote-driver-4.1.2.jar;C:\Users\SHABNA\.m2\repository\io\netty\netty-buffer\4.1.73.Final\netty-buffer-4.1.73.Final.jar;C:\Users\SHABNA\.m2\repository\io\netty\netty-codec-http\4.1.73.Final\netty-codec-http-4.1.73.Final.jar;C:\Users\SHABNA\.m2\repository\io\netty\netty-codec\4.1.73.Final\netty-codec-4.1.73.Final.jar;C:\Users\SHABNA\.m2\repository\io\netty\netty-handler\4.1.73.Final\netty-handler-4.1.73.Final.jar;C:\Users\SHABNA\.m2\repository\io\netty\netty-tcnative-classes\2.0.46.Final\netty-tcnative-classes-2.0.46.Final.jar;C:\Users\SHABNA\.m2\repository\io\netty\netty-common\4.1.73.Final\netty-common-4.1.73.Final.jar;C:\Users\SHABNA\.m2\repository\io\netty\netty-transport-classes-epoll\4.1.73.Final\netty-transport-classes-epoll-4.1.73.Final.jar;C:\Users\SHABNA\.m2\repository\io\netty\netty-transport-classes-kqueue\4.1.73.Final\netty-transport-classes-kqueue-4.1.73.Final.jar;C:\Users\SHABNA\.m2\repository\io\netty\netty-transport-native-epoll\4.1.73.Final\netty-transport-native-epoll-4.1.73.Final.jar;C:\Users\SHABNA\.m2\repository\io\netty\netty-transport-native-kqueue\4.1.73.Final\netty-transport-native-kqueue-4.1.73.Final.jar;C:\Users\SHABNA\.m2\repository\io\netty\netty-transport-native-unix-common\4.1.73.Final\netty-transport-native-unix-common-4.1.73.Final.jar;C:\Users\SHABNA\.m2\repository\io\netty\netty-transport\4.1.73.Final\netty-transport-4.1.73.Final.jar;C:\Users\SHABNA\.m2\repository\io\netty\netty-resolver\4.1.73.Final\netty-resolver-4.1.73.Final.jar;C:\Users\SHABNA\.m2\repository\io\opentelemetry\opentelemetry-api\1.10.1\opentelemetry-api-1.10.1.jar;C:\Users\SHABNA\.m2\repository\io\opentelemetry\opentelemetry-context\1.10.1\opentelemetry-context-1.10.1.jar;C:\Users\SHABNA\.m2\repository\io\opentelemetry\opentelemetry-exporter-logging\1.10.1\opentelemetry-exporter-logging-1.10.1.jar;C:\Users\SHABNA\.m2\repository\io\opentelemetry\opentelemetry-sdk-metrics\1.10.1-alpha\opentelemetry-sdk-metrics-1.10.1-alpha.jar;C:\Users\SHABNA\.m2\repository\io\opentelemetry\opentelemetry-sdk-logs\1.10.1-alpha\opentelemetry-sdk-logs-1.10.1-alpha.jar;C:\Users\SHABNA\.m2\repository\io\opentelemetry\opentelemetry-sdk-common\1.10.1\opentelemetry-sdk-common-1.10.1.jar;C:\Users\SHABNA\.m2\repository\io\opentelemetry\opentelemetry-sdk-extension-autoconfigure-spi\1.10.1\opentelemetry-sdk-extension-autoconfigure-spi-1.10.1.jar;C:\Users\SHABNA\.m2\repository\io\opentelemetry\opentelemetry-sdk-extension-autoconfigure\1.10.1-alpha\opentelemetry-sdk-extension-autoconfigure-1.10.1-alpha.jar;C:\Users\SHABNA\.m2\repository\io\opentelemetry\opentelemetry-sdk-trace\1.10.1\opentelemetry-sdk-trace-1.10.1.jar;C:\Users\SHABNA\.m2\repository\io\opentelemetry\opentelemetry-sdk\1.10.1\opentelemetry-sdk-1.10.1.jar;C:\Users\SHABNA\.m2\repository\io\opentelemetry\opentelemetry-semconv\1.10.1-alpha\opentelemetry-semconv-1.10.1-alpha.jar;C:\Users\SHABNA\.m2\repository\io\ous\jtoml\2.0.0\jtoml-2.0.0.jar;C:\Users\SHABNA\.m2\repository\net\bytebuddy\byte-buddy\1.12.7\byte-buddy-1.12.7.jar;C:\Users\SHABNA\.m2\repository\org\apache\commons\commons-exec\1.3\commons-exec-1.3.jar;C:\Users\SHABNA\.m2\repository\org\asynchttpclient\async-http-client\2.12.3\async-http-client-2.12.3.jar;C:\Users\SHABNA\.m2\repository\org\asynchttpclient\async-http-client-netty-utils\2.12.3\async-http-client-netty-utils-2.12.3.jar;C:\Users\SHABNA\.m2\repository\io\netty\netty-codec-socks\4.1.60.Final\netty-codec-socks-4.1.60.Final.jar;C:\Users\SHABNA\.m2\repository\io\netty\netty-handler-proxy\4.1.60.Final\netty-handler-proxy-4.1.60.Final.jar;C:\Users\SHABNA\.m2\repository\io\netty\netty-transport-native-epoll\4.1.60.Final\netty-transport-native-epoll-4.1.60.Final-linux-x86_64.jar;C:\Users\SHABNA\.m2\repository\io\netty\netty-transport-native-kqueue\4.1.60.Final\netty-transport-native-kqueue-4.1.60.Final-osx-x86_64.jar;C:\Users\SHABNA\.m2\repository\com\typesafe\netty\netty-reactive-streams\2.0.4\netty-reactive-streams-2.0.4.jar;C:\Users\SHABNA\.m2\repository\com\sun\activation\jakarta.activation\1.2.2\jakarta.activation-1.2.2.jar;C:\Users\SHABNA\.m2\repository\org\seleniumhq\selenium\selenium-http\4.1.2\selenium-http-4.1.2.jar;C:\Users\SHABNA\.m2\repository\net\jodah\failsafe\2.4.4\failsafe-2.4.4.jar;C:\Users\SHABNA\.m2\repository\org\seleniumhq\selenium\selenium-safari-driver\4.1.2\selenium-safari-driver-4.1.2.jar;C:\Users\SHABNA\.m2\repository\org\seleniumhq\selenium\selenium-support\4.1.2\selenium-support-4.1.2.jar;C:\Users\SHABNA\.m2\repository\org\testng\testng\7.5\testng-7.5.jar;C:\Users\SHABNA\.m2\repository\com\google\code\findbugs\jsr305\3.0.1\jsr305-3.0.1.jar;C:\Users\SHABNA\.m2\repository\org\slf4j\slf4j-api\1.7.32\slf4j-api-1.7.32.jar;C:\Users\SHABNA\.m2\repository\com\beust\jcommander\1.78\jcommander-1.78.jar;C:\Users\SHABNA\.m2\repository\org\webjars\jquery\3.5.1\jquery-3.5.1.jar;C:\Users\SHABNA\.m2\repository\org\apache\poi\poi-ooxml\5.2.0\poi-ooxml-5.2.0.jar;C:\Users\SHABNA\.m2\repository\org\apache\poi\poi-ooxml-lite\5.2.0\poi-ooxml-lite-5.2.0.jar;C:\Users\SHABNA\.m2\repository\org\apache\xmlbeans\xmlbeans\5.0.3\xmlbeans-5.0.3.jar;C:\Users\SHABNA\.m2\repository\org\apache\commons\commons-compress\1.21\commons-compress-1.21.jar;C:\Users\SHABNA\.m2\repository\com\github\virtuald\curvesapi\1.06\curvesapi-1.06.jar;C:\Users\SHABNA\.m2\repository\org\apache\logging\log4j\log4j-api\2.17.1\log4j-api-2.17.1.jar;C:\Users\SHABNA\.m2\repository\org\apache\commons\commons-collections4\4.4\commons-collections4-4.4.jar;C:\Users\SHABNA\.m2\repository\org\apache\poi\poi\5.1.0\poi-5.1.0.jar;C:\Users\SHABNA\.m2\repository\commons-codec\commons-codec\1.15\commons-codec-1.15.jar;C:\Users\SHABNA\.m2\repository\org\apache\commons\commons-math3\3.6.1\commons-math3-3.6.1.jar;C:\Users\SHABNA\.m2\repository\com\zaxxer\SparseBitSet\1.2\SparseBitSet-1.2.jar;C:\Users\SHABNA\.m2\repository\commons-io\commons-io\2.11.0\commons-io-2.11.0.jar;C:\Users\SHABNA\.m2\repository\com\aventstack\extentreports\5.0.9\extentreports-5.0.9.jar;C:\Users\SHABNA\.m2\repository\io\reactivex\rxjava3\rxjava\3.0.4\rxjava-3.0.4.jar;C:\Users\SHABNA\.m2\repository\org\reactivestreams\reactive-streams\1.0.3\reactive-streams-1.0.3.jar;C:\Users\SHABNA\.m2\repository\org\freemarker\freemarker\2.3.30\freemarker-2.3.30.jar;C:\Users\SHABNA\.m2\repository\org\projectlombok\lombok\1.18.12\lombok-1.18.12.jar;C:\Users\SHABNA\.m2\repository\com\google\code\gson\gson\2.8.6\gson-2.8.6.jar
Launcher Type: SUN_STANDARD

[Global flags]
     intx CICompilerCount                          = 3                                         {product} {ergonomic}
     uint ConcGCThreads                            = 1                                         {product} {ergonomic}
     uint G1ConcRefinementThreads                  = 4                                         {product} {ergonomic}
   size_t G1HeapRegionSize                         = 1048576                                   {product} {ergonomic}
    uintx GCDrainStackTargetSize                   = 64                                        {product} {ergonomic}
   size_t InitialHeapSize                          = 58720256                                  {product} {ergonomic}
   size_t MarkStackSize                            = 4194304                                   {product} {ergonomic}
   size_t MaxHeapSize                              = 908066816                                 {product} {ergonomic}
   size_t MaxNewSize                               = 544210944                                 {product} {ergonomic}
   size_t MinHeapDeltaBytes                        = 1048576                                   {product} {ergonomic}
   size_t MinHeapSize                              = 8388608                                   {product} {ergonomic}
    uintx NonNMethodCodeHeapSize                   = 5832780                                {pd product} {ergonomic}
    uintx NonProfiledCodeHeapSize                  = 122912730                              {pd product} {ergonomic}
     bool PerfDisableSharedMem                     = true                                      {product} {ergonomic}
    uintx ProfiledCodeHeapSize                     = 122912730                              {pd product} {ergonomic}
    uintx ReservedCodeCacheSize                    = 251658240                              {pd product} {ergonomic}
     bool SegmentedCodeCache                       = true                                      {product} {ergonomic}
     bool ShowCodeDetailsInExceptionMessages       = true                                   {manageable} {command line}
   size_t SoftMaxHeapSize                          = 908066816                              {manageable} {ergonomic}
     bool UseCompressedClassPointers               = true                           {product lp64_product} {ergonomic}
     bool UseCompressedOops                        = true                           {product lp64_product} {ergonomic}
     bool UseG1GC                                  = true                                      {product} {ergonomic}
     bool UseLargePagesIndividualAllocation        = false                                  {pd product} {ergonomic}

Logging:
Log output configuration:
 #0: stdout all=warning uptime,level,tags foldmultilines=false
 #1: stderr all=off uptime,level,tags foldmultilines=false

Environment Variables:
JAVA_HOME=C:\Program Files\Java\jdk1.8.0_201
PATH=C:\Program Files\Common Files\Oracle\Java\javapath;C:\Program Files\Java\jdk1.8.0_162\bin;E:\apache-tomcat-8.5.50\bin;C:\apache-maven-3.6.3\bin;C:\ProgramData\chocolatey\bin;C:\Program Files\Git\cmd;"C:\Program Files\Java\jre1.8.0_321\bin;";
USERNAME=SHABNA
OS=Windows_NT
PROCESSOR_IDENTIFIER=AMD64 Family 23 Model 24 Stepping 1, AuthenticAMD



---------------  S Y S T E M  ---------------

OS:
 Windows 10 , 64 bit Build 19041 (10.0.19041.1645)
OS uptime: 14 days 19:50 hours

CPU: total 4 (initial active 4) (4 cores per cpu, 2 threads per core) family 23 model 24 stepping 1 microcode 0x0, cx8, cmov, fxsr, ht, mmx, 3dnowpref, sse, sse2, sse3, ssse3, sse4a, sse4.1, sse4.2, popcnt, lzcnt, tsc, tscinvbit, avx, avx2, aes, clmul, bmi1, bmi2, adx, sha, fma, vzeroupper, clflush, clflushopt

Memory: 4k page, system-wide physical 3463M (413M free)
TotalPageFile size 14215M (AvailPageFile size 6M)
current process WorkingSet (physical memory assigned to process): 51M, peak: 51M
current process commit charge ("private bytes"): 135M, peak: 135M

vm_info: Java HotSpot(TM) 64-Bit Server VM (18+36-2087) for windows-amd64 JRE (18+36-2087), built on Feb 15 2022 09:43:11 by "mach5one" with MS VC++ 16.8 / 16.9 (VS2019)

END.
